# JRE version: OpenJDK Runtime Environment Temurin-21.0.9+10 (21.0.9+10) (build 21.0.9+10-LTS)
# Java VM: OpenJDK 64-Bit Server VM Temurin-21.0.9+10 (21.0.9+10-LTS, mixed mode, sharing, tiered, compressed oops, compressed class ptrs, parallel gc, windows-amd64)
GC Precious Log:
 CardTable entry size: 512
 CPUs: 12 total, 12 available
 Memory: 5989M
 Large Page Support: Disabled
 NUMA Support: Disabled
 Compressed Oops: Enabled (32-bit)
 Alignments: Space 512K, Generation 512K, Heap 2M
 Heap Min Capacity: 100M
 Heap Initial Capacity: 100M
 Heap Max Capacity: 2G
 Pre-touch: Disabled
 Parallel Workers: 10
Heap:
 PSYoungGen      total 6144K, used 1000K [0x00000000d5580000, 0x00000000d5c80000, 0x0000000100000000)
  eden space 5120K, 0% used [0x00000000d5580000,0x00000000d5580000,0x00000000d5a80000)
  from space 1024K, 97% used [0x00000000d5a80000,0x00000000d5b7a050,0x00000000d5b80000)
  to   space 1024K, 0% used [0x00000000d5b80000,0x00000000d5b80000,0x00000000d5c80000)
 ParOldGen       total 230912K, used 230731K [0x0000000080000000, 0x000000008e180000, 0x00000000d5580000)
  object space 230912K, 99% used [0x0000000080000000,0x000000008e152f58,0x000000008e180000)
 Metaspace       used 56485K, committed 57920K, reserved 1114112K
  class space    used 6109K, committed 6720K, reserved 1048576K
GC Heap History (20 events):
Event: 71.224 GC heap before
{Heap before GC invocations=144 (full 2):
 PSYoungGen      total 6656K, used 6149K [0x00000000d5580000, 0x00000000d5d80000, 0x0000000100000000)
  eden space 5120K, 100% used [0x00000000d5580000,0x00000000d5a80000,0x00000000d5a80000)
  from space 1536K, 66% used [0x00000000d5a80000,0x00000000d5b81450,0x00000000d5c00000)
  to   space 1536K, 0% used [0x00000000d5c00000,0x00000000d5c00000,0x00000000d5d80000)
 ParOldGen       total 219648K, used 219320K [0x0000000080000000, 0x000000008d680000, 0x00000000d5580000)
  object space 219648K, 99% used [0x0000000080000000,0x000000008d62e148,0x000000008d680000)
 Metaspace       used 55738K, committed 57152K, reserved 1114112K
  class space    used 6033K, committed 6656K, reserved 1048576K
}
Event: 71.229 GC heap after
{Heap after GC invocations=144 (full 2):
 PSYoungGen      total 6656K, used 1040K [0x00000000d5580000, 0x00000000d5d80000, 0x0000000100000000)
  eden space 5120K, 0% used [0x00000000d5580000,0x00000000d5580000,0x00000000d5a80000)
  from space 1536K, 67% used [0x00000000d5c00000,0x00000000d5d040f8,0x00000000d5d80000)
  to   space 1536K, 0% used [0x00000000d5a80000,0x00000000d5a80000,0x00000000d5c00000)
 ParOldGen       total 220160K, used 220133K [0x0000000080000000, 0x000000008d700000, 0x00000000d5580000)
  object space 220160K, 99% used [0x0000000080000000,0x000000008d6f96f0,0x000000008d700000)
 Metaspace       used 55738K, committed 57152K, reserved 1114112K
  class space    used 6033K, committed 6656K, reserved 1048576K
}
Event: 71.303 GC heap before
{Heap before GC invocations=145 (full 2):
 PSYoungGen      total 6656K, used 6160K [0x00000000d5580000, 0x00000000d5d80000, 0x0000000100000000)
  eden space 5120K, 100% used [0x00000000d5580000,0x00000000d5a80000,0x00000000d5a80000)
  from space 1536K, 67% used [0x00000000d5c00000,0x00000000d5d040f8,0x00000000d5d80000)
  to   space 1536K, 0% used [0x00000000d5a80000,0x00000000d5a80000,0x00000000d5c00000)
 ParOldGen       total 220160K, used 220133K [0x0000000080000000, 0x000000008d700000, 0x00000000d5580000)
  object space 220160K, 99% used [0x0000000080000000,0x000000008d6f96f0,0x000000008d700000)
 Metaspace       used 55873K, committed 57344K, reserved 1114112K
  class space    used 6052K, committed 6720K, reserved 1048576K
}
Event: 71.309 GC heap after
{Heap after GC invocations=145 (full 2):
 PSYoungGen      total 6656K, used 1204K [0x00000000d5580000, 0x00000000d5d80000, 0x0000000100000000)
  eden space 5120K, 0% used [0x00000000d5580000,0x00000000d5580000,0x00000000d5a80000)
  from space 1536K, 78% used [0x00000000d5a80000,0x00000000d5bad140,0x00000000d5c00000)
  to   space 1536K, 0% used [0x00000000d5c00000,0x00000000d5c00000,0x00000000d5d80000)
 ParOldGen       total 221184K, used 221070K [0x0000000080000000, 0x000000008d800000, 0x00000000d5580000)
  object space 221184K, 99% used [0x0000000080000000,0x000000008d7e3a68,0x000000008d800000)
 Metaspace       used 55873K, committed 57344K, reserved 1114112K
  class space    used 6052K, committed 6720K, reserved 1048576K
}
Event: 71.368 GC heap before
{Heap before GC invocations=146 (full 2):
 PSYoungGen      total 6656K, used 6324K [0x00000000d5580000, 0x00000000d5d80000, 0x0000000100000000)
  eden space 5120K, 100% used [0x00000000d5580000,0x00000000d5a80000,0x00000000d5a80000)
  from space 1536K, 78% used [0x00000000d5a80000,0x00000000d5bad140,0x00000000d5c00000)
  to   space 1536K, 0% used [0x00000000d5c00000,0x00000000d5c00000,0x00000000d5d80000)
 ParOldGen       total 221184K, used 221070K [0x0000000080000000, 0x000000008d800000, 0x00000000d5580000)
  object space 221184K, 99% used [0x0000000080000000,0x000000008d7e3a68,0x000000008d800000)
 Metaspace       used 55904K, committed 57344K, reserved 1114112K
  class space    used 6058K, committed 6720K, reserved 1048576K
}
Event: 71.373 GC heap after
{Heap after GC invocations=146 (full 2):
 PSYoungGen      total 6656K, used 1262K [0x00000000d5580000, 0x00000000d5d80000, 0x0000000100000000)
  eden space 5120K, 0% used [0x00000000d5580000,0x00000000d5580000,0x00000000d5a80000)
  from space 1536K, 82% used [0x00000000d5c00000,0x00000000d5d3bac0,0x00000000d5d80000)
  to   space 1536K, 0% used [0x00000000d5a80000,0x00000000d5a80000,0x00000000d5c00000)
 ParOldGen       total 222208K, used 222037K [0x0000000080000000, 0x000000008d900000, 0x00000000d5580000)
  object space 222208K, 99% used [0x0000000080000000,0x000000008d8d54b8,0x000000008d900000)
 Metaspace       used 55904K, committed 57344K, reserved 1114112K
  class space    used 6058K, committed 6720K, reserved 1048576K
}
Event: 71.435 GC heap before
{Heap before GC invocations=147 (full 2):
 PSYoungGen      total 6656K, used 6382K [0x00000000d5580000, 0x00000000d5d80000, 0x0000000100000000)
  eden space 5120K, 100% used [0x00000000d5580000,0x00000000d5a80000,0x00000000d5a80000)
  from space 1536K, 82% used [0x00000000d5c00000,0x00000000d5d3bac0,0x00000000d5d80000)
  to   space 1536K, 0% used [0x00000000d5a80000,0x00000000d5a80000,0x00000000d5c00000)
 ParOldGen       total 222208K, used 222037K [0x0000000080000000, 0x000000008d900000, 0x00000000d5580000)
  object space 222208K, 99% used [0x0000000080000000,0x000000008d8d54b8,0x000000008d900000)
 Metaspace       used 56008K, committed 57472K, reserved 1114112K
  class space    used 6073K, committed 6720K, reserved 1048576K
}
Event: 71.440 GC heap after
{Heap after GC invocations=147 (full 2):
 PSYoungGen      total 6656K, used 1384K [0x00000000d5580000, 0x00000000d5d80000, 0x0000000100000000)
  eden space 5120K, 0% used [0x00000000d5580000,0x00000000d5580000,0x00000000d5a80000)
  from space 1536K, 90% used [0x00000000d5a80000,0x00000000d5bda0c0,0x00000000d5c00000)
  to   space 1536K, 0% used [0x00000000d5c00000,0x00000000d5c00000,0x00000000d5d80000)
 ParOldGen       total 223232K, used 223169K [0x0000000080000000, 0x000000008da00000, 0x00000000d5580000)
  object space 223232K, 99% used [0x0000000080000000,0x000000008d9f04e0,0x000000008da00000)
 Metaspace       used 56008K, committed 57472K, reserved 1114112K
  class space    used 6073K, committed 6720K, reserved 1048576K
}
Event: 71.510 GC heap before
{Heap before GC invocations=148 (full 2):
 PSYoungGen      total 6656K, used 6504K [0x00000000d5580000, 0x00000000d5d80000, 0x0000000100000000)
  eden space 5120K, 99% used [0x00000000d5580000,0x00000000d5a7ffc0,0x00000000d5a80000)
  from space 1536K, 90% used [0x00000000d5a80000,0x00000000d5bda0c0,0x00000000d5c00000)
  to   space 1536K, 0% used [0x00000000d5c00000,0x00000000d5c00000,0x00000000d5d80000)
 ParOldGen       total 223232K, used 223169K [0x0000000080000000, 0x000000008da00000, 0x00000000d5580000)
  object space 223232K, 99% used [0x0000000080000000,0x000000008d9f04e0,0x000000008da00000)
 Metaspace       used 56183K, committed 57600K, reserved 1114112K
  class space    used 6087K, committed 6720K, reserved 1048576K
}
Event: 71.515 GC heap after
{Heap after GC invocations=148 (full 2):
 PSYoungGen      total 6656K, used 1074K [0x00000000d5580000, 0x00000000d5d80000, 0x0000000100000000)
  eden space 5120K, 0% used [0x00000000d5580000,0x00000000d5580000,0x00000000d5a80000)
  from space 1536K, 69% used [0x00000000d5c00000,0x00000000d5d0c978,0x00000000d5d80000)
  to   space 1536K, 0% used [0x00000000d5a80000,0x00000000d5a80000,0x00000000d5c00000)
 ParOldGen       total 224768K, used 224442K [0x0000000080000000, 0x000000008db80000, 0x00000000d5580000)
  object space 224768K, 99% used [0x0000000080000000,0x000000008db2e938,0x000000008db80000)
 Metaspace       used 56183K, committed 57600K, reserved 1114112K
  class space    used 6087K, committed 6720K, reserved 1048576K
}
Event: 71.586 GC heap before
{Heap before GC invocations=149 (full 2):
 PSYoungGen      total 6656K, used 6194K [0x00000000d5580000, 0x00000000d5d80000, 0x0000000100000000)
  eden space 5120K, 100% used [0x00000000d5580000,0x00000000d5a80000,0x00000000d5a80000)
  from space 1536K, 69% used [0x00000000d5c00000,0x00000000d5d0c978,0x00000000d5d80000)
  to   space 1536K, 0% used [0x00000000d5a80000,0x00000000d5a80000,0x00000000d5c00000)
 ParOldGen       total 224768K, used 224442K [0x0000000080000000, 0x000000008db80000, 0x00000000d5580000)
  object space 224768K, 99% used [0x0000000080000000,0x000000008db2e938,0x000000008db80000)
 Metaspace       used 56266K, committed 57664K, reserved 1114112K
  class space    used 6098K, committed 6720K, reserved 1048576K
}
Event: 71.591 GC heap after
{Heap after GC invocations=149 (full 2):
 PSYoungGen      total 6656K, used 1301K [0x00000000d5580000, 0x00000000d5d80000, 0x0000000100000000)
  eden space 5120K, 0% used [0x00000000d5580000,0x00000000d5580000,0x00000000d5a80000)
  from space 1536K, 84% used [0x00000000d5a80000,0x00000000d5bc55d8,0x00000000d5c00000)
  to   space 1536K, 0% used [0x00000000d5c00000,0x00000000d5c00000,0x00000000d5d80000)
 ParOldGen       total 225792K, used 225350K [0x0000000080000000, 0x000000008dc80000, 0x00000000d5580000)
  object space 225792K, 99% used [0x0000000080000000,0x000000008dc11bf0,0x000000008dc80000)
 Metaspace       used 56266K, committed 57664K, reserved 1114112K
  class space    used 6098K, committed 6720K, reserved 1048576K
}
Event: 71.651 GC heap before
{Heap before GC invocations=150 (full 2):
 PSYoungGen      total 6656K, used 6364K [0x00000000d5580000, 0x00000000d5d80000, 0x0000000100000000)
  eden space 5120K, 98% used [0x00000000d5580000,0x00000000d5a71c08,0x00000000d5a80000)
  from space 1536K, 84% used [0x00000000d5a80000,0x00000000d5bc55d8,0x00000000d5c00000)
  to   space 1536K, 0% used [0x00000000d5c00000,0x00000000d5c00000,0x00000000d5d80000)
 ParOldGen       total 225792K, used 225350K [0x0000000080000000, 0x000000008dc80000, 0x00000000d5580000)
  object space 225792K, 99% used [0x0000000080000000,0x000000008dc11bf0,0x000000008dc80000)
 Metaspace       used 56289K, committed 57728K, reserved 1114112K
  class space    used 6099K, committed 6720K, reserved 1048576K
}
Event: 71.656 GC heap after
{Heap after GC invocations=150 (full 2):
 PSYoungGen      total 6656K, used 1327K [0x00000000d5580000, 0x00000000d5d80000, 0x0000000100000000)
  eden space 5120K, 0% used [0x00000000d5580000,0x00000000d5580000,0x00000000d5a80000)
  from space 1536K, 86% used [0x00000000d5c00000,0x00000000d5d4be60,0x00000000d5d80000)
  to   space 1536K, 0% used [0x00000000d5a80000,0x00000000d5a80000,0x00000000d5c00000)
 ParOldGen       total 226816K, used 226408K [0x0000000080000000, 0x000000008dd80000, 0x00000000d5580000)
  object space 226816K, 99% used [0x0000000080000000,0x000000008dd1a278,0x000000008dd80000)
 Metaspace       used 56289K, committed 57728K, reserved 1114112K
  class space    used 6099K, committed 6720K, reserved 1048576K
}
Event: 71.710 GC heap before
{Heap before GC invocations=151 (full 2):
 PSYoungGen      total 6656K, used 6447K [0x00000000d5580000, 0x00000000d5d80000, 0x0000000100000000)
  eden space 5120K, 100% used [0x00000000d5580000,0x00000000d5a80000,0x00000000d5a80000)
  from space 1536K, 86% used [0x00000000d5c00000,0x00000000d5d4be60,0x00000000d5d80000)
  to   space 1536K, 0% used [0x00000000d5a80000,0x00000000d5a80000,0x00000000d5c00000)
 ParOldGen       total 226816K, used 226408K [0x0000000080000000, 0x000000008dd80000, 0x00000000d5580000)
  object space 226816K, 99% used [0x0000000080000000,0x000000008dd1a278,0x000000008dd80000)
 Metaspace       used 56425K, committed 57856K, reserved 1114112K
  class space    used 6106K, committed 6720K, reserved 1048576K
}
Event: 71.714 GC heap after
{Heap after GC invocations=151 (full 2):
 PSYoungGen      total 6656K, used 992K [0x00000000d5580000, 0x00000000d5d80000, 0x0000000100000000)
  eden space 5120K, 0% used [0x00000000d5580000,0x00000000d5580000,0x00000000d5a80000)
  from space 1536K, 64% used [0x00000000d5a80000,0x00000000d5b78310,0x00000000d5c00000)
  to   space 1536K, 0% used [0x00000000d5c00000,0x00000000d5c00000,0x00000000d5d80000)
 ParOldGen       total 227840K, used 227514K [0x0000000080000000, 0x000000008de80000, 0x00000000d5580000)
  object space 227840K, 99% used [0x0000000080000000,0x000000008de2eae8,0x000000008de80000)
 Metaspace       used 56425K, committed 57856K, reserved 1114112K
  class space    used 6106K, committed 6720K, reserved 1048576K
}
Event: 71.751 GC heap before
{Heap before GC invocations=152 (full 2):
 PSYoungGen      total 6656K, used 6112K [0x00000000d5580000, 0x00000000d5d80000, 0x0000000100000000)
  eden space 5120K, 100% used [0x00000000d5580000,0x00000000d5a80000,0x00000000d5a80000)
  from space 1536K, 64% used [0x00000000d5a80000,0x00000000d5b78310,0x00000000d5c00000)
  to   space 1536K, 0% used [0x00000000d5c00000,0x00000000d5c00000,0x00000000d5d80000)
 ParOldGen       total 227840K, used 227514K [0x0000000080000000, 0x000000008de80000, 0x00000000d5580000)
  object space 227840K, 99% used [0x0000000080000000,0x000000008de2eae8,0x000000008de80000)
 Metaspace       used 56452K, committed 57856K, reserved 1114112K
  class space    used 6109K, committed 6720K, reserved 1048576K
}
Event: 71.756 GC heap after
{Heap after GC invocations=152 (full 2):
 PSYoungGen      total 6656K, used 1373K [0x00000000d5580000, 0x00000000d5d80000, 0x0000000100000000)
  eden space 5120K, 0% used [0x00000000d5580000,0x00000000d5580000,0x00000000d5a80000)
  from space 1536K, 89% used [0x00000000d5c00000,0x00000000d5d57498,0x00000000d5d80000)
  to   space 1536K, 0% used [0x00000000d5a80000,0x00000000d5a80000,0x00000000d5c00000)
 ParOldGen       total 228864K, used 228381K [0x0000000080000000, 0x000000008df80000, 0x00000000d5580000)
  object space 228864K, 99% used [0x0000000080000000,0x000000008df077d8,0x000000008df80000)
 Metaspace       used 56452K, committed 57856K, reserved 1114112K
  class space    used 6109K, committed 6720K, reserved 1048576K
}
Event: 71.799 GC heap before
{Heap before GC invocations=153 (full 2):
 PSYoungGen      total 6656K, used 6493K [0x00000000d5580000, 0x00000000d5d80000, 0x0000000100000000)
  eden space 5120K, 100% used [0x00000000d5580000,0x00000000d5a80000,0x00000000d5a80000)
  from space 1536K, 89% used [0x00000000d5c00000,0x00000000d5d57498,0x00000000d5d80000)
  to   space 1536K, 0% used [0x00000000d5a80000,0x00000000d5a80000,0x00000000d5c00000)
 ParOldGen       total 228864K, used 228381K [0x0000000080000000, 0x000000008df80000, 0x00000000d5580000)
  object space 228864K, 99% used [0x0000000080000000,0x000000008df077d8,0x000000008df80000)
 Metaspace       used 56466K, committed 57856K, reserved 1114112K
  class space    used 6109K, committed 6720K, reserved 1048576K
}
Event: 71.804 GC heap after
{Heap after GC invocations=153 (full 2):
 PSYoungGen      total 6144K, used 817K [0x00000000d5580000, 0x00000000d5c80000, 0x0000000100000000)
  eden space 5120K, 0% used [0x00000000d5580000,0x00000000d5580000,0x00000000d5a80000)
  from space 1024K, 79% used [0x00000000d5a80000,0x00000000d5b4c7b8,0x00000000d5b80000)
  to   space 1024K, 0% used [0x00000000d5b80000,0x00000000d5b80000,0x00000000d5c80000)
 ParOldGen       total 229888K, used 229583K [0x0000000080000000, 0x000000008e080000, 0x00000000d5580000)
  object space 229888K, 99% used [0x0000000080000000,0x000000008e033de8,0x000000008e080000)
 Metaspace       used 56466K, committed 57856K, reserved 1114112K
  class space    used 6109K, committed 6720K, reserved 1048576K
}

